2016-11-03 21:28:18,569 [Worker-10] INFO  o.e.m.c.i.e.AbstractTransferListenerAdapter - Downloading http://repo.maven.apache.org/maven2/org/seleniumhq/selenium/selenium-server/2.53.1/selenium-server-2.53.1.pom
2016-11-03 21:28:21,401 [Worker-10] INFO  o.e.m.c.i.e.AbstractTransferListenerAdapter - Downloaded http://repo.maven.apache.org/maven2/org/seleniumhq/selenium/selenium-server/2.53.1/selenium-server-2.53.1.pom
2016-11-03 21:28:21,895 [Worker-10] INFO  o.e.m.c.i.e.AbstractTransferListenerAdapter - Downloading http://repo.maven.apache.org/maven2/org/seleniumhq/selenium/selenium-parent/2.53.1/selenium-parent-2.53.1.pom
2016-11-03 21:28:24,004 [Worker-10] INFO  o.e.m.c.i.e.AbstractTransferListenerAdapter - Downloaded http://repo.maven.apache.org/maven2/org/seleniumhq/selenium/selenium-parent/2.53.1/selenium-parent-2.53.1.pom
2016-11-03 21:28:24,461 [Worker-10] INFO  o.e.m.c.i.e.AbstractTransferListenerAdapter - Downloading http://repo.maven.apache.org/maven2/com/beust/jcommander/1.48/jcommander-1.48.pom
2016-11-03 21:28:26,931 [Worker-10] INFO  o.e.m.c.i.e.AbstractTransferListenerAdapter - Downloaded http://repo.maven.apache.org/maven2/com/beust/jcommander/1.48/jcommander-1.48.pom
2016-11-03 21:28:27,911 [Worker-10] INFO  o.e.m.c.i.e.AbstractTransferListenerAdapter - Downloading http://repo.maven.apache.org/maven2/org/sonatype/oss/oss-parent/3/oss-parent-3.pom
2016-11-03 21:28:30,989 [Worker-10] INFO  o.e.m.c.i.e.AbstractTransferListenerAdapter - Downloaded http://repo.maven.apache.org/maven2/org/sonatype/oss/oss-parent/3/oss-parent-3.pom
2016-11-03 21:28:37,518 [Worker-10] INFO  o.e.m.c.i.e.AbstractTransferListenerAdapter - Downloading http://repo.maven.apache.org/maven2/org/bouncycastle/bcprov-jdk15on/1.48/bcprov-jdk15on-1.48.pom
2016-11-03 21:28:39,203 [Worker-10] INFO  o.e.m.c.i.e.AbstractTransferListenerAdapter - Downloaded http://repo.maven.apache.org/maven2/org/bouncycastle/bcprov-jdk15on/1.48/bcprov-jdk15on-1.48.pom
2016-11-03 21:33:55,049 [Worker-4] INFO  o.e.m.c.i.e.AbstractTransferListenerAdapter - Downloading http://repo.maven.apache.org/maven2/org/apache/httpcomponents/httpcore/4.4.4/httpcore-4.4.4.pom
2016-11-03 21:33:55,744 [Worker-4] INFO  o.e.m.c.i.e.AbstractTransferListenerAdapter - Downloaded http://repo.maven.apache.org/maven2/org/apache/httpcomponents/httpcore/4.4.4/httpcore-4.4.4.pom
2016-11-03 21:33:57,682 [Worker-4] INFO  o.e.m.c.i.e.AbstractTransferListenerAdapter - Downloading http://repo.maven.apache.org/maven2/org/apache/httpcomponents/httpcomponents-core/4.4.4/httpcomponents-core-4.4.4.pom
2016-11-03 21:33:58,872 [Worker-4] INFO  o.e.m.c.i.e.AbstractTransferListenerAdapter - Downloaded http://repo.maven.apache.org/maven2/org/apache/httpcomponents/httpcomponents-core/4.4.4/httpcomponents-core-4.4.4.pom
2016-11-08 07:05:01,346 [Worker-0] INFO  o.e.m.c.i.e.AbstractTransferListenerAdapter - Downloading http://repo.maven.apache.org/maven2/org/seleniumhq/selenium/selenium-server/2.53.1/selenium-server-2.53.1.pom
2016-11-08 07:05:02,004 [Worker-0] INFO  o.e.m.c.i.e.AbstractTransferListenerAdapter - Downloaded http://repo.maven.apache.org/maven2/org/seleniumhq/selenium/selenium-server/2.53.1/selenium-server-2.53.1.pom
2016-11-08 07:05:02,338 [Worker-0] INFO  o.e.m.c.i.e.AbstractTransferListenerAdapter - Downloading http://repo.maven.apache.org/maven2/org/seleniumhq/selenium/selenium-parent/2.53.1/selenium-parent-2.53.1.pom
2016-11-08 07:05:03,062 [Worker-0] INFO  o.e.m.c.i.e.AbstractTransferListenerAdapter - Downloaded http://repo.maven.apache.org/maven2/org/seleniumhq/selenium/selenium-parent/2.53.1/selenium-parent-2.53.1.pom
2016-11-08 07:05:03,499 [Worker-0] INFO  o.e.m.c.i.e.AbstractTransferListenerAdapter - Downloading http://repo.maven.apache.org/maven2/com/beust/jcommander/1.48/jcommander-1.48.pom
2016-11-08 07:05:04,177 [Worker-0] INFO  o.e.m.c.i.e.AbstractTransferListenerAdapter - Downloaded http://repo.maven.apache.org/maven2/com/beust/jcommander/1.48/jcommander-1.48.pom
2016-11-08 07:05:04,494 [Worker-0] INFO  o.e.m.c.i.e.AbstractTransferListenerAdapter - Downloading http://repo.maven.apache.org/maven2/org/sonatype/oss/oss-parent/3/oss-parent-3.pom
2016-11-08 07:05:05,109 [Worker-0] INFO  o.e.m.c.i.e.AbstractTransferListenerAdapter - Downloaded http://repo.maven.apache.org/maven2/org/sonatype/oss/oss-parent/3/oss-parent-3.pom
2016-11-08 07:05:05,432 [Worker-0] INFO  o.e.m.c.i.e.AbstractTransferListenerAdapter - Downloading http://repo.maven.apache.org/maven2/org/bouncycastle/bcprov-jdk15on/1.48/bcprov-jdk15on-1.48.pom
2016-11-08 07:05:06,032 [Worker-0] INFO  o.e.m.c.i.e.AbstractTransferListenerAdapter - Downloaded http://repo.maven.apache.org/maven2/org/bouncycastle/bcprov-jdk15on/1.48/bcprov-jdk15on-1.48.pom
2016-11-08 07:05:06,328 [Worker-0] INFO  o.e.m.c.i.e.AbstractTransferListenerAdapter - Downloading http://repo.maven.apache.org/maven2/org/bouncycastle/bcpkix-jdk15on/1.48/bcpkix-jdk15on-1.48.pom
2016-11-08 07:05:07,006 [Worker-0] INFO  o.e.m.c.i.e.AbstractTransferListenerAdapter - Downloaded http://repo.maven.apache.org/maven2/org/bouncycastle/bcpkix-jdk15on/1.48/bcpkix-jdk15on-1.48.pom
2016-11-08 07:05:07,310 [Worker-0] INFO  o.e.m.c.i.e.AbstractTransferListenerAdapter - Downloading http://repo.maven.apache.org/maven2/mx4j/mx4j-tools/3.0.1/mx4j-tools-3.0.1.pom
2016-11-08 07:05:07,903 [Worker-0] INFO  o.e.m.c.i.e.AbstractTransferListenerAdapter - Downloaded http://repo.maven.apache.org/maven2/mx4j/mx4j-tools/3.0.1/mx4j-tools-3.0.1.pom
2016-11-08 07:05:08,216 [Worker-0] INFO  o.e.m.c.i.e.AbstractTransferListenerAdapter - Downloading http://repo.maven.apache.org/maven2/org/seleniumhq/selenium/jetty-repacked/9.2.13.v20150730/jetty-repacked-9.2.13.v20150730.pom
2016-11-08 07:05:08,851 [Worker-0] INFO  o.e.m.c.i.e.AbstractTransferListenerAdapter - Downloaded http://repo.maven.apache.org/maven2/org/seleniumhq/selenium/jetty-repacked/9.2.13.v20150730/jetty-repacked-9.2.13.v20150730.pom
2016-11-08 07:05:09,158 [Worker-0] INFO  o.e.m.c.i.e.AbstractTransferListenerAdapter - Downloading http://repo.maven.apache.org/maven2/javax/servlet/javax.servlet-api/3.1.0/javax.servlet-api-3.1.0.pom
2016-11-08 07:05:09,819 [Worker-0] INFO  o.e.m.c.i.e.AbstractTransferListenerAdapter - Downloaded http://repo.maven.apache.org/maven2/javax/servlet/javax.servlet-api/3.1.0/javax.servlet-api-3.1.0.pom
2016-11-08 07:05:10,126 [Worker-0] INFO  o.e.m.c.i.e.AbstractTransferListenerAdapter - Downloading http://repo.maven.apache.org/maven2/net/java/jvnet-parent/3/jvnet-parent-3.pom
2016-11-08 07:05:10,706 [Worker-0] INFO  o.e.m.c.i.e.AbstractTransferListenerAdapter - Downloaded http://repo.maven.apache.org/maven2/net/java/jvnet-parent/3/jvnet-parent-3.pom
2016-11-08 07:05:11,021 [Worker-0] INFO  o.e.m.c.i.e.AbstractTransferListenerAdapter - Downloading http://repo.maven.apache.org/maven2/org/seleniumhq/selenium/jetty-rc-repacked/5/jetty-rc-repacked-5.pom
2016-11-08 07:05:11,658 [Worker-0] INFO  o.e.m.c.i.e.AbstractTransferListenerAdapter - Downloaded http://repo.maven.apache.org/maven2/org/seleniumhq/selenium/jetty-rc-repacked/5/jetty-rc-repacked-5.pom
2016-11-08 07:05:11,991 [Worker-0] INFO  o.e.m.c.i.e.AbstractTransferListenerAdapter - Downloading http://repo.maven.apache.org/maven2/net/jcip/jcip-annotations/1.0/jcip-annotations-1.0.pom
2016-11-08 07:05:12,573 [Worker-0] INFO  o.e.m.c.i.e.AbstractTransferListenerAdapter - Downloaded http://repo.maven.apache.org/maven2/net/jcip/jcip-annotations/1.0/jcip-annotations-1.0.pom
2016-11-08 07:05:12,897 [Worker-0] INFO  o.e.m.c.i.e.AbstractTransferListenerAdapter - Downloading http://repo.maven.apache.org/maven2/org/seleniumhq/selenium/selenium-java/2.53.1/selenium-java-2.53.1.pom
2016-11-08 07:05:13,623 [Worker-0] INFO  o.e.m.c.i.e.AbstractTransferListenerAdapter - Downloaded http://repo.maven.apache.org/maven2/org/seleniumhq/selenium/selenium-java/2.53.1/selenium-java-2.53.1.pom
2016-11-08 07:05:13,940 [Worker-0] INFO  o.e.m.c.i.e.AbstractTransferListenerAdapter - Downloading http://repo.maven.apache.org/maven2/org/seleniumhq/selenium/selenium-chrome-driver/2.53.1/selenium-chrome-driver-2.53.1.pom
2016-11-08 07:05:14,570 [Worker-0] INFO  o.e.m.c.i.e.AbstractTransferListenerAdapter - Downloaded http://repo.maven.apache.org/maven2/org/seleniumhq/selenium/selenium-chrome-driver/2.53.1/selenium-chrome-driver-2.53.1.pom
2016-11-08 07:05:14,869 [Worker-0] INFO  o.e.m.c.i.e.AbstractTransferListenerAdapter - Downloading http://repo.maven.apache.org/maven2/org/seleniumhq/selenium/selenium-remote-driver/2.53.1/selenium-remote-driver-2.53.1.pom
2016-11-08 07:05:15,475 [Worker-0] INFO  o.e.m.c.i.e.AbstractTransferListenerAdapter - Downloaded http://repo.maven.apache.org/maven2/org/seleniumhq/selenium/selenium-remote-driver/2.53.1/selenium-remote-driver-2.53.1.pom
2016-11-08 07:05:15,784 [Worker-0] INFO  o.e.m.c.i.e.AbstractTransferListenerAdapter - Downloading http://repo.maven.apache.org/maven2/cglib/cglib-nodep/2.1_3/cglib-nodep-2.1_3.pom
2016-11-08 07:05:16,373 [Worker-0] INFO  o.e.m.c.i.e.AbstractTransferListenerAdapter - Downloaded http://repo.maven.apache.org/maven2/cglib/cglib-nodep/2.1_3/cglib-nodep-2.1_3.pom
2016-11-08 07:05:16,676 [Worker-0] INFO  o.e.m.c.i.e.AbstractTransferListenerAdapter - Downloading http://repo.maven.apache.org/maven2/com/google/code/gson/gson/2.3.1/gson-2.3.1.pom
2016-11-08 07:05:17,325 [Worker-0] INFO  o.e.m.c.i.e.AbstractTransferListenerAdapter - Downloaded http://repo.maven.apache.org/maven2/com/google/code/gson/gson/2.3.1/gson-2.3.1.pom
2016-11-08 07:05:17,676 [Worker-0] INFO  o.e.m.c.i.e.AbstractTransferListenerAdapter - Downloading http://repo.maven.apache.org/maven2/org/sonatype/oss/oss-parent/9/oss-parent-9.pom
2016-11-08 07:05:18,300 [Worker-0] INFO  o.e.m.c.i.e.AbstractTransferListenerAdapter - Downloaded http://repo.maven.apache.org/maven2/org/sonatype/oss/oss-parent/9/oss-parent-9.pom
2016-11-08 07:05:18,687 [Worker-0] INFO  o.e.m.c.i.e.AbstractTransferListenerAdapter - Downloading http://repo.maven.apache.org/maven2/org/seleniumhq/selenium/selenium-api/2.53.1/selenium-api-2.53.1.pom
2016-11-08 07:05:19,828 [Worker-0] INFO  o.e.m.c.i.e.AbstractTransferListenerAdapter - Downloaded http://repo.maven.apache.org/maven2/org/seleniumhq/selenium/selenium-api/2.53.1/selenium-api-2.53.1.pom
2016-11-08 07:05:20,205 [Worker-0] INFO  o.e.m.c.i.e.AbstractTransferListenerAdapter - Downloading http://repo.maven.apache.org/maven2/com/google/guava/guava/19.0/guava-19.0.pom
2016-11-08 07:05:20,893 [Worker-0] INFO  o.e.m.c.i.e.AbstractTransferListenerAdapter - Downloaded http://repo.maven.apache.org/maven2/com/google/guava/guava/19.0/guava-19.0.pom
2016-11-08 07:05:21,221 [Worker-0] ERROR o.e.m2e.editor.pom.MavenPomEditor - failed to load maven project for org.eclipse.ui.part.FileEditorInput(/MavenSelenium/pom.xml)
org.eclipse.core.runtime.CoreException: Could not read maven project
	at org.eclipse.m2e.core.internal.project.registry.ProjectRegistryManager.readProjectWithDependencies(ProjectRegistryManager.java:768) ~[na:na]
	at org.eclipse.m2e.core.internal.project.registry.ProjectRegistryManager$6.call(ProjectRegistryManager.java:956) ~[na:na]
	at org.eclipse.m2e.core.internal.project.registry.ProjectRegistryManager$6.call(ProjectRegistryManager.java:1) ~[na:na]
	at com.google.common.cache.LocalCache$LocalManualCache$1.load(LocalCache.java:4724) ~[na:na]
	at com.google.common.cache.LocalCache$LoadingValueReference.loadFuture(LocalCache.java:3522) ~[na:na]
	at com.google.common.cache.LocalCache$Segment.loadSync(LocalCache.java:2315) ~[na:na]
	at com.google.common.cache.LocalCache$Segment.lockedGetOrLoad(LocalCache.java:2278) ~[na:na]
	at com.google.common.cache.LocalCache$Segment.get(LocalCache.java:2193) ~[na:na]
	at com.google.common.cache.LocalCache.get(LocalCache.java:3932) ~[na:na]
	at com.google.common.cache.LocalCache$LocalManualCache.get(LocalCache.java:4721) ~[na:na]
	at org.eclipse.m2e.core.internal.project.registry.ProjectRegistryManager.getMavenProject(ProjectRegistryManager.java:954) ~[na:na]
	at org.eclipse.m2e.core.internal.project.registry.MavenProjectFacade.getMavenProject(MavenProjectFacade.java:242) ~[na:na]
	at org.eclipse.m2e.core.ui.internal.actions.SelectionUtil.getMavenProject(SelectionUtil.java:261) ~[org.eclipse.m2e.core.ui_1.5.1.20150109-1820.jar:na]
	at org.eclipse.m2e.editor.pom.MavenPomEditor.readMavenProject(MavenPomEditor.java:753) ~[na:na]
	at org.eclipse.m2e.editor.pom.MavenPomEditor$6.run(MavenPomEditor.java:1073) ~[na:na]
	at org.eclipse.core.internal.jobs.Worker.run(Worker.java:54) [org.eclipse.core.jobs_3.6.1.v20141014-1248.jar:na]
2016-11-08 07:08:49,455 [Worker-5] INFO  o.e.m.c.i.e.AbstractTransferListenerAdapter - Downloading http://repo.maven.apache.org/maven2/org/apache/httpcomponents/httpcore/4.4.4/httpcore-4.4.4.pom
2016-11-08 07:08:50,330 [Worker-5] INFO  o.e.m.c.i.e.AbstractTransferListenerAdapter - Downloaded http://repo.maven.apache.org/maven2/org/apache/httpcomponents/httpcore/4.4.4/httpcore-4.4.4.pom
2016-11-08 07:08:54,182 [Worker-5] INFO  o.e.m.c.i.e.AbstractTransferListenerAdapter - Downloading http://repo.maven.apache.org/maven2/org/apache/httpcomponents/httpcomponents-core/4.4.4/httpcomponents-core-4.4.4.pom
2016-11-08 07:08:55,284 [Worker-5] INFO  o.e.m.c.i.e.AbstractTransferListenerAdapter - Downloaded http://repo.maven.apache.org/maven2/org/apache/httpcomponents/httpcomponents-core/4.4.4/httpcomponents-core-4.4.4.pom
